  ANDROID_HOME=C:\\Microsoft\AndroidSDK\25
  ANT_HOME=C:\Program Files (x86)\Microsoft Visual Studio\2019\Community\Apps\apache-ant-1.9.3
  JAVA_HOME=C:\Program Files\Android\jdk\microsoft_dist_openjdk_1.8.0.25
  NDK_ROOT=C:\\Microsoft\AndroidNDK64\android-ndk-r16b
  Minifying JS and checking that ASM/jump table exists for this platform...
  AltPlatformPreBuildTool: running for extension DialogEngine, plat Android:armeabi-v7a...
  AltPlatformPreBuildTool: Generated file is up-to-date.
  =========================
  DarkEdif.cpp
  Edif.cpp
  Edif.General.cpp
  Edif.Runtime.cpp
  json.cpp
  ObjectSelection.cpp
  Actions.cpp
  Conditions.cpp
  Expressions.cpp
  Extension.cpp
  DialogEngine.cpp
  GameFlag.cpp
  GameFloat.cpp
  GameItem.cpp
  Quest.cpp
  Util.cpp
D:\Extension Development\JosephExtension\DarkEdif_MultiTarget_SDK_private_build_6_Stochastic_with_minimiser\DarkEdif MultiTarget SDK\DialogEngine\src\Util.cpp(1,9): warning : #pragma once in main file [-Wpragma-once-outside-header]
  #pragma once
          ^
  1 warning generated.
  Runtime.cpp
  DialogEngine.Android.vcxproj -> D:\Extension Development\JosephExtension\DarkEdif_MultiTarget_SDK_private_build_6_Stochastic_with_minimiser\Temp/DialogEngine/Android/Debug/armeabi-v7a\DialogEngine.so
  Copying the built SO into a ZIP file inside MFX\Data\Runtime...
  AltPlatformPostBuildTool: running for extension DialogEngine, ABI armeabi-v7a...
  !! AltPlatformPostBuildTool NOTICE: Automatically generated a dummy Java file with copyright. !!
  You may want to customise your copyright in the Java file; see 
  MFX\Data\Runtime\Android\DialogEngine.zip > app\src\main\java\Extensions\CRunDialogEngine.java
  AltPlatformPostBuildTool complete. Outputted to archive: D:\Extension Development\JosephExtension\DarkEdif_MultiTarget_SDK_private_build_6_Stochastic_with_minimiser\MFX\Data\Runtime\Android\DialogEngine.zip
  !! NOTICE: This zip file is a DEBUG BUILD of this extension. !!
