c:\users\livinkorrupt\desktop\extension development\darkedif_multitarget_sdk_private_build_6_stochastic_with_minimiser\temp/dialogengine/android/debug/armeabi-v7a\dialogengine.so.recipe
d:\extension development\josephextension\darkedif_multitarget_sdk_private_build_6_stochastic_with_minimiser\temp/dialogengine/android/debug/armeabi-v7a\dialogengine.so.recipe
d:\github repos\foster_991\temp/dialogengine/android/debug/armeabi-v7a\dialogengine.so.recipe
c:\users\livinkorrupt\desktop\extension development\darkedif_multitarget_sdk_private_build_6_stochastic_with_minimiser\temp\dialogengine\android\debug\armeabi-v7a\darkedif.o
c:\users\livinkorrupt\desktop\extension development\darkedif_multitarget_sdk_private_build_6_stochastic_with_minimiser\temp\dialogengine\android\debug\armeabi-v7a\edif.o
c:\users\livinkorrupt\desktop\extension development\darkedif_multitarget_sdk_private_build_6_stochastic_with_minimiser\temp\dialogengine\android\debug\armeabi-v7a\edif.general.o
c:\users\livinkorrupt\desktop\extension development\darkedif_multitarget_sdk_private_build_6_stochastic_with_minimiser\temp\dialogengine\android\debug\armeabi-v7a\edif.runtime.o
c:\users\livinkorrupt\desktop\extension development\darkedif_multitarget_sdk_private_build_6_stochastic_with_minimiser\temp\dialogengine\android\debug\armeabi-v7a\json.o
c:\users\livinkorrupt\desktop\extension development\darkedif_multitarget_sdk_private_build_6_stochastic_with_minimiser\temp\dialogengine\android\debug\armeabi-v7a\objectselection.o
c:\users\livinkorrupt\desktop\extension development\darkedif_multitarget_sdk_private_build_6_stochastic_with_minimiser\temp\dialogengine\android\debug\armeabi-v7a\actions.o
c:\users\livinkorrupt\desktop\extension development\darkedif_multitarget_sdk_private_build_6_stochastic_with_minimiser\temp\dialogengine\android\debug\armeabi-v7a\conditions.o
c:\users\livinkorrupt\desktop\extension development\darkedif_multitarget_sdk_private_build_6_stochastic_with_minimiser\temp\dialogengine\android\debug\armeabi-v7a\expressions.o
c:\users\livinkorrupt\desktop\extension development\darkedif_multitarget_sdk_private_build_6_stochastic_with_minimiser\temp\dialogengine\android\debug\armeabi-v7a\extension.o
c:\users\livinkorrupt\desktop\extension development\darkedif_multitarget_sdk_private_build_6_stochastic_with_minimiser\temp\dialogengine\android\debug\armeabi-v7a\dialogengine.o
c:\users\livinkorrupt\desktop\extension development\darkedif_multitarget_sdk_private_build_6_stochastic_with_minimiser\temp\dialogengine\android\debug\armeabi-v7a\gameflag.o
c:\users\livinkorrupt\desktop\extension development\darkedif_multitarget_sdk_private_build_6_stochastic_with_minimiser\temp\dialogengine\android\debug\armeabi-v7a\gamefloat.o
c:\users\livinkorrupt\desktop\extension development\darkedif_multitarget_sdk_private_build_6_stochastic_with_minimiser\temp\dialogengine\android\debug\armeabi-v7a\gameitem.o
c:\users\livinkorrupt\desktop\extension development\darkedif_multitarget_sdk_private_build_6_stochastic_with_minimiser\temp\dialogengine\android\debug\armeabi-v7a\quest.o
c:\users\livinkorrupt\desktop\extension development\darkedif_multitarget_sdk_private_build_6_stochastic_with_minimiser\temp\dialogengine\android\debug\armeabi-v7a\util.o
c:\users\livinkorrupt\desktop\extension development\darkedif_multitarget_sdk_private_build_6_stochastic_with_minimiser\temp\dialogengine\android\debug\armeabi-v7a\runtime.o
d:\extension development\josephextension\darkedif_multitarget_sdk_private_build_6_stochastic_with_minimiser\temp\dialogengine\android\debug\armeabi-v7a\darkedif.o
d:\extension development\josephextension\darkedif_multitarget_sdk_private_build_6_stochastic_with_minimiser\temp\dialogengine\android\debug\armeabi-v7a\edif.o
d:\extension development\josephextension\darkedif_multitarget_sdk_private_build_6_stochastic_with_minimiser\temp\dialogengine\android\debug\armeabi-v7a\edif.general.o
d:\extension development\josephextension\darkedif_multitarget_sdk_private_build_6_stochastic_with_minimiser\temp\dialogengine\android\debug\armeabi-v7a\edif.runtime.o
d:\extension development\josephextension\darkedif_multitarget_sdk_private_build_6_stochastic_with_minimiser\temp\dialogengine\android\debug\armeabi-v7a\json.o
d:\extension development\josephextension\darkedif_multitarget_sdk_private_build_6_stochastic_with_minimiser\temp\dialogengine\android\debug\armeabi-v7a\objectselection.o
d:\extension development\josephextension\darkedif_multitarget_sdk_private_build_6_stochastic_with_minimiser\temp\dialogengine\android\debug\armeabi-v7a\actions.o
d:\extension development\josephextension\darkedif_multitarget_sdk_private_build_6_stochastic_with_minimiser\temp\dialogengine\android\debug\armeabi-v7a\conditions.o
d:\extension development\josephextension\darkedif_multitarget_sdk_private_build_6_stochastic_with_minimiser\temp\dialogengine\android\debug\armeabi-v7a\expressions.o
d:\extension development\josephextension\darkedif_multitarget_sdk_private_build_6_stochastic_with_minimiser\temp\dialogengine\android\debug\armeabi-v7a\extension.o
d:\extension development\josephextension\darkedif_multitarget_sdk_private_build_6_stochastic_with_minimiser\temp\dialogengine\android\debug\armeabi-v7a\dialogengine.o
d:\extension development\josephextension\darkedif_multitarget_sdk_private_build_6_stochastic_with_minimiser\temp\dialogengine\android\debug\armeabi-v7a\gameflag.o
d:\extension development\josephextension\darkedif_multitarget_sdk_private_build_6_stochastic_with_minimiser\temp\dialogengine\android\debug\armeabi-v7a\gamefloat.o
d:\extension development\josephextension\darkedif_multitarget_sdk_private_build_6_stochastic_with_minimiser\temp\dialogengine\android\debug\armeabi-v7a\gameitem.o
d:\extension development\josephextension\darkedif_multitarget_sdk_private_build_6_stochastic_with_minimiser\temp\dialogengine\android\debug\armeabi-v7a\quest.o
d:\extension development\josephextension\darkedif_multitarget_sdk_private_build_6_stochastic_with_minimiser\temp\dialogengine\android\debug\armeabi-v7a\util.o
d:\extension development\josephextension\darkedif_multitarget_sdk_private_build_6_stochastic_with_minimiser\temp\dialogengine\android\debug\armeabi-v7a\runtime.o
d:\github repos\foster_991\temp\dialogengine\android\debug\armeabi-v7a\darkedif.o
d:\github repos\foster_991\temp\dialogengine\android\debug\armeabi-v7a\edif.o
d:\github repos\foster_991\temp\dialogengine\android\debug\armeabi-v7a\edif.general.o
d:\github repos\foster_991\temp\dialogengine\android\debug\armeabi-v7a\edif.runtime.o
d:\github repos\foster_991\temp\dialogengine\android\debug\armeabi-v7a\json.o
d:\github repos\foster_991\temp\dialogengine\android\debug\armeabi-v7a\objectselection.o
d:\github repos\foster_991\temp\dialogengine\android\debug\armeabi-v7a\actions.o
d:\github repos\foster_991\temp\dialogengine\android\debug\armeabi-v7a\conditions.o
d:\github repos\foster_991\temp\dialogengine\android\debug\armeabi-v7a\expressions.o
d:\github repos\foster_991\temp\dialogengine\android\debug\armeabi-v7a\extension.o
d:\github repos\foster_991\temp\dialogengine\android\debug\armeabi-v7a\dialogengine.o
d:\github repos\foster_991\temp\dialogengine\android\debug\armeabi-v7a\gameflag.o
d:\github repos\foster_991\temp\dialogengine\android\debug\armeabi-v7a\gamefloat.o
d:\github repos\foster_991\temp\dialogengine\android\debug\armeabi-v7a\gameitem.o
d:\github repos\foster_991\temp\dialogengine\android\debug\armeabi-v7a\inventory.o
d:\github repos\foster_991\temp\dialogengine\android\debug\armeabi-v7a\npc.o
d:\github repos\foster_991\temp\dialogengine\android\debug\armeabi-v7a\quest.o
d:\github repos\foster_991\temp\dialogengine\android\debug\armeabi-v7a\util.o
d:\github repos\foster_991\temp\dialogengine\android\debug\armeabi-v7a\runtime.o
c:\users\livinkorrupt\desktop\extension development\darkedif_multitarget_sdk_private_build_6_stochastic_with_minimiser\temp\dialogengine\android\debug\armeabi-v7a\dialogengine.so
d:\extension development\josephextension\darkedif_multitarget_sdk_private_build_6_stochastic_with_minimiser\temp\dialogengine\android\debug\armeabi-v7a\dialogengine.so
d:\github repos\foster_991\temp\dialogengine\android\debug\armeabi-v7a\dialogengine.so
d:\github repos\foster_991\temp\dialogengine\android\debug\armeabi-v7a\dialogen.1ba4daf2.tlog\clang.command.1.tlog
d:\github repos\foster_991\temp\dialogengine\android\debug\armeabi-v7a\dialogen.1ba4daf2.tlog\dialogengine.android.write.1u.tlog
d:\github repos\foster_991\temp\dialogengine\android\debug\armeabi-v7a\dialogen.1ba4daf2.tlog\microsoft.build.cpptasks.clangcompile.read.1.tlog
d:\github repos\foster_991\temp\dialogengine\android\debug\armeabi-v7a\dialogen.1ba4daf2.tlog\microsoft.build.cpptasks.clangcompile.write.1.tlog
d:\github repos\foster_991\temp\dialogengine\android\debug\armeabi-v7a\dialogen.1ba4daf2.tlog\microsoft.build.cpptasks.clanglink.read.1.tlog
d:\github repos\foster_991\temp\dialogengine\android\debug\armeabi-v7a\dialogen.1ba4daf2.tlog\microsoft.build.cpptasks.clanglink.write.1.tlog
