  DarkEdif.cpp
  Edif.cpp
  Edif.General.cpp
  Edif.Runtime.cpp
  json.cpp
  ObjectSelection.cpp
  Actions.cpp
  Conditions.cpp
  Expressions.cpp
  Extension.cpp
  DialogEngine.cpp
D:\Github Repos\foster_991\DarkEdif MultiTarget SDK\DialogEngine\src\DialogEngine.cpp(482): warning C4102: 'loop_exit': unreferenced label
  GameFlag.cpp
  GameFloat.cpp
  GameItem.cpp
  Inventory.cpp
D:\Github Repos\foster_991\DarkEdif MultiTarget SDK\DialogEngine\src\Inventory\Inventory.cpp(227): warning C4018: '<': signed/unsigned mismatch
D:\Github Repos\foster_991\DarkEdif MultiTarget SDK\DialogEngine\src\Inventory\Inventory.cpp(231): warning C4018: '>=': signed/unsigned mismatch
D:\Github Repos\foster_991\DarkEdif MultiTarget SDK\DialogEngine\src\Inventory\Inventory.cpp(247): warning C4018: '<': signed/unsigned mismatch
D:\Github Repos\foster_991\DarkEdif MultiTarget SDK\DialogEngine\src\Inventory\Inventory.cpp(295): warning C4018: '<': signed/unsigned mismatch
D:\Github Repos\foster_991\DarkEdif MultiTarget SDK\DialogEngine\src\Inventory\Inventory.cpp(313): warning C4018: '<': signed/unsigned mismatch
D:\Github Repos\foster_991\DarkEdif MultiTarget SDK\DialogEngine\src\Inventory\Inventory.cpp(376): warning C4018: '<': signed/unsigned mismatch
D:\Github Repos\foster_991\DarkEdif MultiTarget SDK\DialogEngine\src\Inventory\Inventory.cpp(563): warning C4018: '<': signed/unsigned mismatch
D:\Github Repos\foster_991\DarkEdif MultiTarget SDK\DialogEngine\src\Inventory\Inventory.cpp(628): warning C4018: '<': signed/unsigned mismatch
D:\Github Repos\foster_991\DarkEdif MultiTarget SDK\DialogEngine\src\Inventory\Inventory.cpp(635): warning C4018: '<': signed/unsigned mismatch
D:\Github Repos\foster_991\DarkEdif MultiTarget SDK\DialogEngine\src\Inventory\Inventory.cpp(699): warning C4018: '<': signed/unsigned mismatch
D:\Github Repos\foster_991\DarkEdif MultiTarget SDK\DialogEngine\src\Inventory\Inventory.cpp(710): warning C4018: '<': signed/unsigned mismatch
D:\Github Repos\foster_991\DarkEdif MultiTarget SDK\DialogEngine\src\Inventory\Inventory.cpp(723): warning C4018: '<': signed/unsigned mismatch
D:\Github Repos\foster_991\DarkEdif MultiTarget SDK\DialogEngine\src\Inventory\Inventory.cpp(733): warning C4018: '<': signed/unsigned mismatch
D:\Github Repos\foster_991\DarkEdif MultiTarget SDK\DialogEngine\src\Inventory\Inventory.cpp(743): warning C4018: '<': signed/unsigned mismatch
D:\Github Repos\foster_991\DarkEdif MultiTarget SDK\DialogEngine\src\Inventory\Inventory.cpp(987): warning C4018: '<': signed/unsigned mismatch
D:\Github Repos\foster_991\DarkEdif MultiTarget SDK\DialogEngine\src\Inventory\Inventory.cpp(993): warning C4018: '<': signed/unsigned mismatch
  NPC.cpp
  Quest.cpp
  Util.cpp
  Runtime.cpp
  Edif.Edittime.cpp
  Generating Code...
  Compiling...
  Edittime.cpp
  General.cpp
  Generating Code...
  LINK : program database D:\Github Repos\foster_991\MFX\Extensions\Unicode\DialogEngine_Full.pdb missing; performing full link
     Creating object D:\Github Repos\foster_991\Temp/DialogEngine/Windows/Debug Unicode/x86\DialogEngine.exp
  DialogEngine.Windows.vcxproj -> D:\Github Repos\foster_991\Temp/DialogEngine/Windows/Debug Unicode/x86\DialogEngine.mfx
