d:\github repos\foster_991\temp\dialogengine\windows\debug unicode\x86\vc141.pdb
d:\github repos\foster_991\temp\dialogengine\windows\debug unicode\x86\vc141.idb
d:\github repos\foster_991\temp\dialogengine\windows\debug unicode\x86\edif.edittime.obj
d:\github repos\foster_991\temp\dialogengine\windows\debug unicode\x86\runtime.obj
d:\github repos\foster_991\temp\dialogengine\windows\debug unicode\x86\util.obj
d:\github repos\foster_991\temp\dialogengine\windows\debug unicode\x86\quest.obj
d:\github repos\foster_991\temp\dialogengine\windows\debug unicode\x86\npc.obj
d:\github repos\foster_991\temp\dialogengine\windows\debug unicode\x86\inventory.obj
d:\github repos\foster_991\temp\dialogengine\windows\debug unicode\x86\gameitem.obj
d:\github repos\foster_991\temp\dialogengine\windows\debug unicode\x86\gamefloat.obj
d:\github repos\foster_991\temp\dialogengine\windows\debug unicode\x86\gameflag.obj
d:\github repos\foster_991\temp\dialogengine\windows\debug unicode\x86\dialogengine.obj
d:\github repos\foster_991\temp\dialogengine\windows\debug unicode\x86\extension.obj
d:\github repos\foster_991\temp\dialogengine\windows\debug unicode\x86\expressions.obj
d:\github repos\foster_991\temp\dialogengine\windows\debug unicode\x86\conditions.obj
d:\github repos\foster_991\temp\dialogengine\windows\debug unicode\x86\actions.obj
d:\github repos\foster_991\temp\dialogengine\windows\debug unicode\x86\objectselection.obj
d:\github repos\foster_991\temp\dialogengine\windows\debug unicode\x86\json.obj
d:\github repos\foster_991\temp\dialogengine\windows\debug unicode\x86\edif.runtime.obj
d:\github repos\foster_991\temp\dialogengine\windows\debug unicode\x86\edif.general.obj
d:\github repos\foster_991\temp\dialogengine\windows\debug unicode\x86\edif.obj
d:\github repos\foster_991\temp\dialogengine\windows\debug unicode\x86\darkedif.obj
d:\github repos\foster_991\temp\dialogengine\windows\debug unicode\x86\general.obj
d:\github repos\foster_991\temp\dialogengine\windows\debug unicode\x86\edittime.obj
d:\github repos\foster_991\mfx\extensions\unicode\dialogengine.ilk
d:\github repos\foster_991\mfx\extensions\unicode\dialogengine.mfx
d:\github repos\foster_991\mfx\extensions\unicode\dialogengine_full.pdb
d:\github repos\foster_991\temp\dialogengine\windows\debug unicode\x86\ext.res
d:\github repos\foster_991\temp\dialogengine\windows\debug unicode\x86\dialogengine.exp
d:\github repos\foster_991\temp\dialogengine\windows\debug unicode\x86\dialogen.0fc68544.tlog\cl.command.1.tlog
d:\github repos\foster_991\temp\dialogengine\windows\debug unicode\x86\dialogen.0fc68544.tlog\cl.read.1.tlog
d:\github repos\foster_991\temp\dialogengine\windows\debug unicode\x86\dialogen.0fc68544.tlog\cl.write.1.tlog
d:\github repos\foster_991\temp\dialogengine\windows\debug unicode\x86\dialogen.0fc68544.tlog\link.command.1.tlog
d:\github repos\foster_991\temp\dialogengine\windows\debug unicode\x86\dialogen.0fc68544.tlog\link.read.1.tlog
d:\github repos\foster_991\temp\dialogengine\windows\debug unicode\x86\dialogen.0fc68544.tlog\link.write.1.tlog
d:\github repos\foster_991\temp\dialogengine\windows\debug unicode\x86\dialogen.0fc68544.tlog\rc.command.1.tlog
d:\github repos\foster_991\temp\dialogengine\windows\debug unicode\x86\dialogen.0fc68544.tlog\rc.read.1.tlog
d:\github repos\foster_991\temp\dialogengine\windows\debug unicode\x86\dialogen.0fc68544.tlog\rc.write.1.tlog
