  DarkEdif.cpp
  Edif.cpp
  Edif.General.cpp
  Edif.Runtime.cpp
  json.cpp
  ObjectSelection.cpp
  Actions.cpp
  Conditions.cpp
D:\Extension Development\JosephExtension\DarkEdif_MultiTarget_SDK_private_build_6_Stochastic_with_minimiser\DarkEdif MultiTarget SDK\DialogEngine\Conditions.cpp(40): warning C4018: '>=': signed/unsigned mismatch
  Expressions.cpp
  Extension.cpp
  DialogEngine.cpp
c1xx : fatal error C1083: Cannot open source file: 'D:\Extension Development\JosephExtension\DarkEdif_MultiTarget_SDK_private_build_6_Stochastic_with_minimiser\DarkEdif MultiTarget SDK\DialogEngine\MyShit\DialogEngine.cpp': No such file or directory
  GameFlag.cpp
c1xx : fatal error C1083: Cannot open source file: 'D:\Extension Development\JosephExtension\DarkEdif_MultiTarget_SDK_private_build_6_Stochastic_with_minimiser\DarkEdif MultiTarget SDK\DialogEngine\MyShit\GameFlag.cpp': No such file or directory
  GameFloat.cpp
c1xx : fatal error C1083: Cannot open source file: 'D:\Extension Development\JosephExtension\DarkEdif_MultiTarget_SDK_private_build_6_Stochastic_with_minimiser\DarkEdif MultiTarget SDK\DialogEngine\MyShit\GameFloat.cpp': No such file or directory
  GameItem.cpp
c1xx : fatal error C1083: Cannot open source file: 'D:\Extension Development\JosephExtension\DarkEdif_MultiTarget_SDK_private_build_6_Stochastic_with_minimiser\DarkEdif MultiTarget SDK\DialogEngine\MyShit\GameItem.cpp': No such file or directory
  Quest.cpp
c1xx : fatal error C1083: Cannot open source file: 'D:\Extension Development\JosephExtension\DarkEdif_MultiTarget_SDK_private_build_6_Stochastic_with_minimiser\DarkEdif MultiTarget SDK\DialogEngine\MyShit\Quest.cpp': No such file or directory
  Util.cpp
c1xx : fatal error C1083: Cannot open source file: 'D:\Extension Development\JosephExtension\DarkEdif_MultiTarget_SDK_private_build_6_Stochastic_with_minimiser\DarkEdif MultiTarget SDK\DialogEngine\MyShit\Util.cpp': No such file or directory
  Runtime.cpp
  Edif.Edittime.cpp
  Edittime.cpp
  General.cpp
  Generating Code...
