c:\users\livinkorrupt\desktop\extension development\darkedif_multitarget_sdk_private_build_6_stochastic_with_minimiser\temp/dialogengine/android/debug/x86_64\dialogengine.so.recipe
c:\users\livinkorrupt\desktop\extension development\darkedif_multitarget_sdk_private_build_6_stochastic_with_minimiser\temp\dialogengine\android\debug\x86_64\darkedif.o
c:\users\livinkorrupt\desktop\extension development\darkedif_multitarget_sdk_private_build_6_stochastic_with_minimiser\temp\dialogengine\android\debug\x86_64\edif.o
c:\users\livinkorrupt\desktop\extension development\darkedif_multitarget_sdk_private_build_6_stochastic_with_minimiser\temp\dialogengine\android\debug\x86_64\edif.general.o
c:\users\livinkorrupt\desktop\extension development\darkedif_multitarget_sdk_private_build_6_stochastic_with_minimiser\temp\dialogengine\android\debug\x86_64\edif.runtime.o
c:\users\livinkorrupt\desktop\extension development\darkedif_multitarget_sdk_private_build_6_stochastic_with_minimiser\temp\dialogengine\android\debug\x86_64\json.o
c:\users\livinkorrupt\desktop\extension development\darkedif_multitarget_sdk_private_build_6_stochastic_with_minimiser\temp\dialogengine\android\debug\x86_64\objectselection.o
c:\users\livinkorrupt\desktop\extension development\darkedif_multitarget_sdk_private_build_6_stochastic_with_minimiser\temp\dialogengine\android\debug\x86_64\actions.o
c:\users\livinkorrupt\desktop\extension development\darkedif_multitarget_sdk_private_build_6_stochastic_with_minimiser\temp\dialogengine\android\debug\x86_64\conditions.o
c:\users\livinkorrupt\desktop\extension development\darkedif_multitarget_sdk_private_build_6_stochastic_with_minimiser\temp\dialogengine\android\debug\x86_64\expressions.o
c:\users\livinkorrupt\desktop\extension development\darkedif_multitarget_sdk_private_build_6_stochastic_with_minimiser\temp\dialogengine\android\debug\x86_64\extension.o
c:\users\livinkorrupt\desktop\extension development\darkedif_multitarget_sdk_private_build_6_stochastic_with_minimiser\temp\dialogengine\android\debug\x86_64\dialogengine.o
c:\users\livinkorrupt\desktop\extension development\darkedif_multitarget_sdk_private_build_6_stochastic_with_minimiser\temp\dialogengine\android\debug\x86_64\gameflag.o
c:\users\livinkorrupt\desktop\extension development\darkedif_multitarget_sdk_private_build_6_stochastic_with_minimiser\temp\dialogengine\android\debug\x86_64\gamefloat.o
c:\users\livinkorrupt\desktop\extension development\darkedif_multitarget_sdk_private_build_6_stochastic_with_minimiser\temp\dialogengine\android\debug\x86_64\gameitem.o
c:\users\livinkorrupt\desktop\extension development\darkedif_multitarget_sdk_private_build_6_stochastic_with_minimiser\temp\dialogengine\android\debug\x86_64\util.o
c:\users\livinkorrupt\desktop\extension development\darkedif_multitarget_sdk_private_build_6_stochastic_with_minimiser\temp\dialogengine\android\debug\x86_64\runtime.o
c:\users\livinkorrupt\desktop\extension development\darkedif_multitarget_sdk_private_build_6_stochastic_with_minimiser\temp\dialogengine\android\debug\x86_64\dialogengine.so
c:\users\livinkorrupt\desktop\extension development\darkedif_multitarget_sdk_private_build_6_stochastic_with_minimiser\temp\dialogengine\android\debug\x86_64\dialogen.1ba4daf2.tlog\clang.command.1.tlog
c:\users\livinkorrupt\desktop\extension development\darkedif_multitarget_sdk_private_build_6_stochastic_with_minimiser\temp\dialogengine\android\debug\x86_64\dialogen.1ba4daf2.tlog\dialogengine.android.write.1u.tlog
c:\users\livinkorrupt\desktop\extension development\darkedif_multitarget_sdk_private_build_6_stochastic_with_minimiser\temp\dialogengine\android\debug\x86_64\dialogen.1ba4daf2.tlog\microsoft.build.cpptasks.clangcompile.read.1.tlog
c:\users\livinkorrupt\desktop\extension development\darkedif_multitarget_sdk_private_build_6_stochastic_with_minimiser\temp\dialogengine\android\debug\x86_64\dialogen.1ba4daf2.tlog\microsoft.build.cpptasks.clangcompile.write.1.tlog
c:\users\livinkorrupt\desktop\extension development\darkedif_multitarget_sdk_private_build_6_stochastic_with_minimiser\temp\dialogengine\android\debug\x86_64\dialogen.1ba4daf2.tlog\microsoft.build.cpptasks.clanglink.read.1.tlog
c:\users\livinkorrupt\desktop\extension development\darkedif_multitarget_sdk_private_build_6_stochastic_with_minimiser\temp\dialogengine\android\debug\x86_64\dialogen.1ba4daf2.tlog\microsoft.build.cpptasks.clanglink.write.1.tlog
