c:\users\livinkorrupt\desktop\extension development\darkedif_multitarget_sdk_private_build_6_stochastic_with_minimiser\temp/dialogengine/android/debug/x86\dialogengine.so.recipe
d:\github repos\foster_991\temp/dialogengine/android/debug/x86\dialogengine.so.recipe
c:\users\livinkorrupt\desktop\extension development\darkedif_multitarget_sdk_private_build_6_stochastic_with_minimiser\temp\dialogengine\android\debug\x86\darkedif.o
c:\users\livinkorrupt\desktop\extension development\darkedif_multitarget_sdk_private_build_6_stochastic_with_minimiser\temp\dialogengine\android\debug\x86\edif.o
c:\users\livinkorrupt\desktop\extension development\darkedif_multitarget_sdk_private_build_6_stochastic_with_minimiser\temp\dialogengine\android\debug\x86\edif.general.o
c:\users\livinkorrupt\desktop\extension development\darkedif_multitarget_sdk_private_build_6_stochastic_with_minimiser\temp\dialogengine\android\debug\x86\edif.runtime.o
c:\users\livinkorrupt\desktop\extension development\darkedif_multitarget_sdk_private_build_6_stochastic_with_minimiser\temp\dialogengine\android\debug\x86\json.o
c:\users\livinkorrupt\desktop\extension development\darkedif_multitarget_sdk_private_build_6_stochastic_with_minimiser\temp\dialogengine\android\debug\x86\objectselection.o
c:\users\livinkorrupt\desktop\extension development\darkedif_multitarget_sdk_private_build_6_stochastic_with_minimiser\temp\dialogengine\android\debug\x86\actions.o
c:\users\livinkorrupt\desktop\extension development\darkedif_multitarget_sdk_private_build_6_stochastic_with_minimiser\temp\dialogengine\android\debug\x86\conditions.o
c:\users\livinkorrupt\desktop\extension development\darkedif_multitarget_sdk_private_build_6_stochastic_with_minimiser\temp\dialogengine\android\debug\x86\expressions.o
c:\users\livinkorrupt\desktop\extension development\darkedif_multitarget_sdk_private_build_6_stochastic_with_minimiser\temp\dialogengine\android\debug\x86\extension.o
c:\users\livinkorrupt\desktop\extension development\darkedif_multitarget_sdk_private_build_6_stochastic_with_minimiser\temp\dialogengine\android\debug\x86\dialogengine.o
c:\users\livinkorrupt\desktop\extension development\darkedif_multitarget_sdk_private_build_6_stochastic_with_minimiser\temp\dialogengine\android\debug\x86\gameflag.o
c:\users\livinkorrupt\desktop\extension development\darkedif_multitarget_sdk_private_build_6_stochastic_with_minimiser\temp\dialogengine\android\debug\x86\gamefloat.o
c:\users\livinkorrupt\desktop\extension development\darkedif_multitarget_sdk_private_build_6_stochastic_with_minimiser\temp\dialogengine\android\debug\x86\gameitem.o
c:\users\livinkorrupt\desktop\extension development\darkedif_multitarget_sdk_private_build_6_stochastic_with_minimiser\temp\dialogengine\android\debug\x86\quest.o
c:\users\livinkorrupt\desktop\extension development\darkedif_multitarget_sdk_private_build_6_stochastic_with_minimiser\temp\dialogengine\android\debug\x86\util.o
c:\users\livinkorrupt\desktop\extension development\darkedif_multitarget_sdk_private_build_6_stochastic_with_minimiser\temp\dialogengine\android\debug\x86\runtime.o
d:\github repos\foster_991\temp\dialogengine\android\debug\x86\darkedif.o
d:\github repos\foster_991\temp\dialogengine\android\debug\x86\edif.o
d:\github repos\foster_991\temp\dialogengine\android\debug\x86\edif.general.o
d:\github repos\foster_991\temp\dialogengine\android\debug\x86\edif.runtime.o
d:\github repos\foster_991\temp\dialogengine\android\debug\x86\json.o
d:\github repos\foster_991\temp\dialogengine\android\debug\x86\objectselection.o
d:\github repos\foster_991\temp\dialogengine\android\debug\x86\actions.o
d:\github repos\foster_991\temp\dialogengine\android\debug\x86\conditions.o
d:\github repos\foster_991\temp\dialogengine\android\debug\x86\expressions.o
d:\github repos\foster_991\temp\dialogengine\android\debug\x86\extension.o
d:\github repos\foster_991\temp\dialogengine\android\debug\x86\dialogengine.o
d:\github repos\foster_991\temp\dialogengine\android\debug\x86\gameflag.o
d:\github repos\foster_991\temp\dialogengine\android\debug\x86\gamefloat.o
d:\github repos\foster_991\temp\dialogengine\android\debug\x86\gameitem.o
d:\github repos\foster_991\temp\dialogengine\android\debug\x86\inventory.o
d:\github repos\foster_991\temp\dialogengine\android\debug\x86\npc.o
d:\github repos\foster_991\temp\dialogengine\android\debug\x86\quest.o
d:\github repos\foster_991\temp\dialogengine\android\debug\x86\util.o
d:\github repos\foster_991\temp\dialogengine\android\debug\x86\runtime.o
c:\users\livinkorrupt\desktop\extension development\darkedif_multitarget_sdk_private_build_6_stochastic_with_minimiser\temp\dialogengine\android\debug\x86\dialogengine.so
d:\github repos\foster_991\temp\dialogengine\android\debug\x86\dialogengine.so
d:\github repos\foster_991\temp\dialogengine\android\debug\x86\dialogen.1ba4daf2.tlog\clang.command.1.tlog
d:\github repos\foster_991\temp\dialogengine\android\debug\x86\dialogen.1ba4daf2.tlog\dialogengine.android.write.1u.tlog
d:\github repos\foster_991\temp\dialogengine\android\debug\x86\dialogen.1ba4daf2.tlog\microsoft.build.cpptasks.clangcompile.read.1.tlog
d:\github repos\foster_991\temp\dialogengine\android\debug\x86\dialogen.1ba4daf2.tlog\microsoft.build.cpptasks.clangcompile.write.1.tlog
d:\github repos\foster_991\temp\dialogengine\android\debug\x86\dialogen.1ba4daf2.tlog\microsoft.build.cpptasks.clanglink.read.1.tlog
d:\github repos\foster_991\temp\dialogengine\android\debug\x86\dialogen.1ba4daf2.tlog\microsoft.build.cpptasks.clanglink.write.1.tlog
