  DarkEdif.cpp
  Edif.cpp
  Edif.General.cpp
  Edif.Runtime.cpp
  json.cpp
  ObjectSelection.cpp
  Actions.cpp
  Conditions.cpp
  Expressions.cpp
  Extension.cpp
  DialogEngine.cpp
D:\Github Repos\foster_991\DarkEdif MultiTarget SDK\DialogEngine\src\DialogEngine.cpp(484): warning C4102: 'loop_exit': unreferenced label
  GameFlag.cpp
  GameFloat.cpp
  GameItem.cpp
  Inventory.cpp
D:\Github Repos\foster_991\DarkEdif MultiTarget SDK\DialogEngine\src\Inventory\Inventory.cpp(185): warning C4018: '<': signed/unsigned mismatch
D:\Github Repos\foster_991\DarkEdif MultiTarget SDK\DialogEngine\src\Inventory\Inventory.cpp(189): warning C4018: '>=': signed/unsigned mismatch
D:\Github Repos\foster_991\DarkEdif MultiTarget SDK\DialogEngine\src\Inventory\Inventory.cpp(205): warning C4018: '<': signed/unsigned mismatch
D:\Github Repos\foster_991\DarkEdif MultiTarget SDK\DialogEngine\src\Inventory\Inventory.cpp(253): warning C4018: '<': signed/unsigned mismatch
D:\Github Repos\foster_991\DarkEdif MultiTarget SDK\DialogEngine\src\Inventory\Inventory.cpp(271): warning C4018: '<': signed/unsigned mismatch
D:\Github Repos\foster_991\DarkEdif MultiTarget SDK\DialogEngine\src\Inventory\Inventory.cpp(336): warning C4018: '<': signed/unsigned mismatch
D:\Github Repos\foster_991\DarkEdif MultiTarget SDK\DialogEngine\src\Inventory\Inventory.cpp(541): warning C4018: '<': signed/unsigned mismatch
D:\Github Repos\foster_991\DarkEdif MultiTarget SDK\DialogEngine\src\Inventory\Inventory.cpp(613): warning C4018: '<': signed/unsigned mismatch
D:\Github Repos\foster_991\DarkEdif MultiTarget SDK\DialogEngine\src\Inventory\Inventory.cpp(620): warning C4018: '<': signed/unsigned mismatch
D:\Github Repos\foster_991\DarkEdif MultiTarget SDK\DialogEngine\src\Inventory\Inventory.cpp(687): warning C4018: '<': signed/unsigned mismatch
D:\Github Repos\foster_991\DarkEdif MultiTarget SDK\DialogEngine\src\Inventory\Inventory.cpp(698): warning C4018: '<': signed/unsigned mismatch
D:\Github Repos\foster_991\DarkEdif MultiTarget SDK\DialogEngine\src\Inventory\Inventory.cpp(711): warning C4018: '<': signed/unsigned mismatch
D:\Github Repos\foster_991\DarkEdif MultiTarget SDK\DialogEngine\src\Inventory\Inventory.cpp(721): warning C4018: '<': signed/unsigned mismatch
D:\Github Repos\foster_991\DarkEdif MultiTarget SDK\DialogEngine\src\Inventory\Inventory.cpp(731): warning C4018: '<': signed/unsigned mismatch
D:\Github Repos\foster_991\DarkEdif MultiTarget SDK\DialogEngine\src\Inventory\Inventory.cpp(1185): warning C4018: '<': signed/unsigned mismatch
D:\Github Repos\foster_991\DarkEdif MultiTarget SDK\DialogEngine\src\Inventory\Inventory.cpp(1293): warning C4018: '<': signed/unsigned mismatch
  NPC.cpp
  Quest.cpp
  Util.cpp
  Runtime.cpp
  Edif.Edittime.cpp
  Generating Code...
  Compiling...
  Edittime.cpp
  General.cpp
  Generating Code...
     Creating object D:\Github Repos\foster_991\Temp/DialogEngine/Windows/Edittime Unicode/x86\DialogEngine.exp
  DialogEngine.Windows.vcxproj -> D:\Github Repos\foster_991\Temp/DialogEngine/Windows/Edittime Unicode/x86\DialogEngine.mfx
