c:\users\livinkorrupt\desktop\extension development\darkedif_multitarget_sdk_private_build_6_stochastic_with_minimiser\temp\dialogengine\windows\edittime unicode\x86\vc141.pdb
c:\users\livinkorrupt\desktop\extension development\darkedif_multitarget_sdk_private_build_6_stochastic_with_minimiser\temp\dialogengine\windows\edittime unicode\x86\general.obj
c:\users\livinkorrupt\desktop\extension development\darkedif_multitarget_sdk_private_build_6_stochastic_with_minimiser\temp\dialogengine\windows\edittime unicode\x86\edittime.obj
c:\users\livinkorrupt\desktop\extension development\darkedif_multitarget_sdk_private_build_6_stochastic_with_minimiser\temp\dialogengine\windows\edittime unicode\x86\edif.edittime.obj
c:\users\livinkorrupt\desktop\extension development\darkedif_multitarget_sdk_private_build_6_stochastic_with_minimiser\temp\dialogengine\windows\edittime unicode\x86\runtime.obj
c:\users\livinkorrupt\desktop\extension development\darkedif_multitarget_sdk_private_build_6_stochastic_with_minimiser\temp\dialogengine\windows\edittime unicode\x86\util.obj
c:\users\livinkorrupt\desktop\extension development\darkedif_multitarget_sdk_private_build_6_stochastic_with_minimiser\temp\dialogengine\windows\edittime unicode\x86\gameitem.obj
c:\users\livinkorrupt\desktop\extension development\darkedif_multitarget_sdk_private_build_6_stochastic_with_minimiser\temp\dialogengine\windows\edittime unicode\x86\gamefloat.obj
c:\users\livinkorrupt\desktop\extension development\darkedif_multitarget_sdk_private_build_6_stochastic_with_minimiser\temp\dialogengine\windows\edittime unicode\x86\gameflag.obj
c:\users\livinkorrupt\desktop\extension development\darkedif_multitarget_sdk_private_build_6_stochastic_with_minimiser\temp\dialogengine\windows\edittime unicode\x86\dialogengine.obj
c:\users\livinkorrupt\desktop\extension development\darkedif_multitarget_sdk_private_build_6_stochastic_with_minimiser\temp\dialogengine\windows\edittime unicode\x86\extension.obj
c:\users\livinkorrupt\desktop\extension development\darkedif_multitarget_sdk_private_build_6_stochastic_with_minimiser\temp\dialogengine\windows\edittime unicode\x86\expressions.obj
c:\users\livinkorrupt\desktop\extension development\darkedif_multitarget_sdk_private_build_6_stochastic_with_minimiser\temp\dialogengine\windows\edittime unicode\x86\conditions.obj
c:\users\livinkorrupt\desktop\extension development\darkedif_multitarget_sdk_private_build_6_stochastic_with_minimiser\temp\dialogengine\windows\edittime unicode\x86\actions.obj
c:\users\livinkorrupt\desktop\extension development\darkedif_multitarget_sdk_private_build_6_stochastic_with_minimiser\temp\dialogengine\windows\edittime unicode\x86\objectselection.obj
c:\users\livinkorrupt\desktop\extension development\darkedif_multitarget_sdk_private_build_6_stochastic_with_minimiser\temp\dialogengine\windows\edittime unicode\x86\json.obj
c:\users\livinkorrupt\desktop\extension development\darkedif_multitarget_sdk_private_build_6_stochastic_with_minimiser\temp\dialogengine\windows\edittime unicode\x86\edif.runtime.obj
c:\users\livinkorrupt\desktop\extension development\darkedif_multitarget_sdk_private_build_6_stochastic_with_minimiser\temp\dialogengine\windows\edittime unicode\x86\edif.general.obj
c:\users\livinkorrupt\desktop\extension development\darkedif_multitarget_sdk_private_build_6_stochastic_with_minimiser\temp\dialogengine\windows\edittime unicode\x86\edif.obj
c:\users\livinkorrupt\desktop\extension development\darkedif_multitarget_sdk_private_build_6_stochastic_with_minimiser\temp\dialogengine\windows\edittime unicode\x86\darkedif.obj
c:\users\livinkorrupt\desktop\extension development\darkedif_multitarget_sdk_private_build_6_stochastic_with_minimiser\mfx\extensions\unicode\dialogengine.mfx
c:\users\livinkorrupt\desktop\extension development\darkedif_multitarget_sdk_private_build_6_stochastic_with_minimiser\temp\dialogengine\windows\edittime unicode\x86\dialogengine.pdb
c:\users\livinkorrupt\desktop\extension development\darkedif_multitarget_sdk_private_build_6_stochastic_with_minimiser\temp\dialogengine\windows\edittime unicode\x86\ext.res
c:\users\livinkorrupt\desktop\extension development\darkedif_multitarget_sdk_private_build_6_stochastic_with_minimiser\temp\dialogengine\windows\edittime unicode\x86\dialogengine.exp
c:\users\livinkorrupt\desktop\extension development\darkedif_multitarget_sdk_private_build_6_stochastic_with_minimiser\temp/dialogengine/windows/edittime unicode/x86\dialogengine.pdb
c:\users\livinkorrupt\desktop\extension development\darkedif_multitarget_sdk_private_build_6_stochastic_with_minimiser\temp\dialogengine\windows\edittime unicode\x86\dialogen.0fc68544.tlog\cl.command.1.tlog
c:\users\livinkorrupt\desktop\extension development\darkedif_multitarget_sdk_private_build_6_stochastic_with_minimiser\temp\dialogengine\windows\edittime unicode\x86\dialogen.0fc68544.tlog\cl.read.1.tlog
c:\users\livinkorrupt\desktop\extension development\darkedif_multitarget_sdk_private_build_6_stochastic_with_minimiser\temp\dialogengine\windows\edittime unicode\x86\dialogen.0fc68544.tlog\cl.write.1.tlog
c:\users\livinkorrupt\desktop\extension development\darkedif_multitarget_sdk_private_build_6_stochastic_with_minimiser\temp\dialogengine\windows\edittime unicode\x86\dialogen.0fc68544.tlog\link.command.1.tlog
c:\users\livinkorrupt\desktop\extension development\darkedif_multitarget_sdk_private_build_6_stochastic_with_minimiser\temp\dialogengine\windows\edittime unicode\x86\dialogen.0fc68544.tlog\link.read.1.tlog
c:\users\livinkorrupt\desktop\extension development\darkedif_multitarget_sdk_private_build_6_stochastic_with_minimiser\temp\dialogengine\windows\edittime unicode\x86\dialogen.0fc68544.tlog\link.write.1.tlog
c:\users\livinkorrupt\desktop\extension development\darkedif_multitarget_sdk_private_build_6_stochastic_with_minimiser\temp\dialogengine\windows\edittime unicode\x86\dialogen.0fc68544.tlog\rc.command.1.tlog
c:\users\livinkorrupt\desktop\extension development\darkedif_multitarget_sdk_private_build_6_stochastic_with_minimiser\temp\dialogengine\windows\edittime unicode\x86\dialogen.0fc68544.tlog\rc.read.1.tlog
c:\users\livinkorrupt\desktop\extension development\darkedif_multitarget_sdk_private_build_6_stochastic_with_minimiser\temp\dialogengine\windows\edittime unicode\x86\dialogen.0fc68544.tlog\rc.write.1.tlog
