c:\users\livinkorrupt\desktop\extension development\darkedif_multitarget_sdk_private_build_6_stochastic_with_minimiser\temp\dialogengine\windows\edittime\x86\vc141.pdb
c:\users\livinkorrupt\desktop\extension development\darkedif_multitarget_sdk_private_build_6_stochastic_with_minimiser\temp\dialogengine\windows\edittime\x86\general.obj
c:\users\livinkorrupt\desktop\extension development\darkedif_multitarget_sdk_private_build_6_stochastic_with_minimiser\temp\dialogengine\windows\edittime\x86\edittime.obj
c:\users\livinkorrupt\desktop\extension development\darkedif_multitarget_sdk_private_build_6_stochastic_with_minimiser\temp\dialogengine\windows\edittime\x86\edif.edittime.obj
c:\users\livinkorrupt\desktop\extension development\darkedif_multitarget_sdk_private_build_6_stochastic_with_minimiser\temp\dialogengine\windows\edittime\x86\runtime.obj
c:\users\livinkorrupt\desktop\extension development\darkedif_multitarget_sdk_private_build_6_stochastic_with_minimiser\temp\dialogengine\windows\edittime\x86\util.obj
c:\users\livinkorrupt\desktop\extension development\darkedif_multitarget_sdk_private_build_6_stochastic_with_minimiser\temp\dialogengine\windows\edittime\x86\quest.obj
c:\users\livinkorrupt\desktop\extension development\darkedif_multitarget_sdk_private_build_6_stochastic_with_minimiser\temp\dialogengine\windows\edittime\x86\gameitem.obj
c:\users\livinkorrupt\desktop\extension development\darkedif_multitarget_sdk_private_build_6_stochastic_with_minimiser\temp\dialogengine\windows\edittime\x86\gamefloat.obj
c:\users\livinkorrupt\desktop\extension development\darkedif_multitarget_sdk_private_build_6_stochastic_with_minimiser\temp\dialogengine\windows\edittime\x86\gameflag.obj
c:\users\livinkorrupt\desktop\extension development\darkedif_multitarget_sdk_private_build_6_stochastic_with_minimiser\temp\dialogengine\windows\edittime\x86\dialogengine.obj
c:\users\livinkorrupt\desktop\extension development\darkedif_multitarget_sdk_private_build_6_stochastic_with_minimiser\temp\dialogengine\windows\edittime\x86\extension.obj
c:\users\livinkorrupt\desktop\extension development\darkedif_multitarget_sdk_private_build_6_stochastic_with_minimiser\temp\dialogengine\windows\edittime\x86\expressions.obj
c:\users\livinkorrupt\desktop\extension development\darkedif_multitarget_sdk_private_build_6_stochastic_with_minimiser\temp\dialogengine\windows\edittime\x86\conditions.obj
c:\users\livinkorrupt\desktop\extension development\darkedif_multitarget_sdk_private_build_6_stochastic_with_minimiser\temp\dialogengine\windows\edittime\x86\actions.obj
c:\users\livinkorrupt\desktop\extension development\darkedif_multitarget_sdk_private_build_6_stochastic_with_minimiser\temp\dialogengine\windows\edittime\x86\objectselection.obj
c:\users\livinkorrupt\desktop\extension development\darkedif_multitarget_sdk_private_build_6_stochastic_with_minimiser\temp\dialogengine\windows\edittime\x86\json.obj
c:\users\livinkorrupt\desktop\extension development\darkedif_multitarget_sdk_private_build_6_stochastic_with_minimiser\temp\dialogengine\windows\edittime\x86\edif.runtime.obj
c:\users\livinkorrupt\desktop\extension development\darkedif_multitarget_sdk_private_build_6_stochastic_with_minimiser\temp\dialogengine\windows\edittime\x86\edif.general.obj
c:\users\livinkorrupt\desktop\extension development\darkedif_multitarget_sdk_private_build_6_stochastic_with_minimiser\temp\dialogengine\windows\edittime\x86\edif.obj
c:\users\livinkorrupt\desktop\extension development\darkedif_multitarget_sdk_private_build_6_stochastic_with_minimiser\temp\dialogengine\windows\edittime\x86\darkedif.obj
d:\extension development\josephextension\darkedif_multitarget_sdk_private_build_6_stochastic_with_minimiser\temp\dialogengine\windows\edittime\x86\vc141.pdb
d:\extension development\josephextension\darkedif_multitarget_sdk_private_build_6_stochastic_with_minimiser\temp\dialogengine\windows\edittime\x86\general.obj
d:\extension development\josephextension\darkedif_multitarget_sdk_private_build_6_stochastic_with_minimiser\temp\dialogengine\windows\edittime\x86\edittime.obj
d:\extension development\josephextension\darkedif_multitarget_sdk_private_build_6_stochastic_with_minimiser\temp\dialogengine\windows\edittime\x86\edif.edittime.obj
d:\extension development\josephextension\darkedif_multitarget_sdk_private_build_6_stochastic_with_minimiser\temp\dialogengine\windows\edittime\x86\runtime.obj
d:\extension development\josephextension\darkedif_multitarget_sdk_private_build_6_stochastic_with_minimiser\temp\dialogengine\windows\edittime\x86\extension.obj
d:\extension development\josephextension\darkedif_multitarget_sdk_private_build_6_stochastic_with_minimiser\temp\dialogengine\windows\edittime\x86\expressions.obj
d:\extension development\josephextension\darkedif_multitarget_sdk_private_build_6_stochastic_with_minimiser\temp\dialogengine\windows\edittime\x86\conditions.obj
d:\extension development\josephextension\darkedif_multitarget_sdk_private_build_6_stochastic_with_minimiser\temp\dialogengine\windows\edittime\x86\actions.obj
d:\extension development\josephextension\darkedif_multitarget_sdk_private_build_6_stochastic_with_minimiser\temp\dialogengine\windows\edittime\x86\objectselection.obj
d:\extension development\josephextension\darkedif_multitarget_sdk_private_build_6_stochastic_with_minimiser\temp\dialogengine\windows\edittime\x86\json.obj
d:\extension development\josephextension\darkedif_multitarget_sdk_private_build_6_stochastic_with_minimiser\temp\dialogengine\windows\edittime\x86\edif.runtime.obj
d:\extension development\josephextension\darkedif_multitarget_sdk_private_build_6_stochastic_with_minimiser\temp\dialogengine\windows\edittime\x86\edif.general.obj
d:\extension development\josephextension\darkedif_multitarget_sdk_private_build_6_stochastic_with_minimiser\temp\dialogengine\windows\edittime\x86\edif.obj
d:\extension development\josephextension\darkedif_multitarget_sdk_private_build_6_stochastic_with_minimiser\temp\dialogengine\windows\edittime\x86\darkedif.obj
d:\github repos\foster_991\temp\dialogengine\windows\edittime\x86\vc141.pdb
d:\github repos\foster_991\temp\dialogengine\windows\edittime\x86\edif.edittime.obj
d:\github repos\foster_991\temp\dialogengine\windows\edittime\x86\runtime.obj
d:\github repos\foster_991\temp\dialogengine\windows\edittime\x86\util.obj
d:\github repos\foster_991\temp\dialogengine\windows\edittime\x86\quest.obj
d:\github repos\foster_991\temp\dialogengine\windows\edittime\x86\npc.obj
d:\github repos\foster_991\temp\dialogengine\windows\edittime\x86\inventory.obj
d:\github repos\foster_991\temp\dialogengine\windows\edittime\x86\gameitem.obj
d:\github repos\foster_991\temp\dialogengine\windows\edittime\x86\gamefloat.obj
d:\github repos\foster_991\temp\dialogengine\windows\edittime\x86\gameflag.obj
d:\github repos\foster_991\temp\dialogengine\windows\edittime\x86\dialogengine.obj
d:\github repos\foster_991\temp\dialogengine\windows\edittime\x86\extension.obj
d:\github repos\foster_991\temp\dialogengine\windows\edittime\x86\expressions.obj
d:\github repos\foster_991\temp\dialogengine\windows\edittime\x86\conditions.obj
d:\github repos\foster_991\temp\dialogengine\windows\edittime\x86\actions.obj
d:\github repos\foster_991\temp\dialogengine\windows\edittime\x86\objectselection.obj
d:\github repos\foster_991\temp\dialogengine\windows\edittime\x86\json.obj
d:\github repos\foster_991\temp\dialogengine\windows\edittime\x86\edif.runtime.obj
d:\github repos\foster_991\temp\dialogengine\windows\edittime\x86\edif.general.obj
d:\github repos\foster_991\temp\dialogengine\windows\edittime\x86\edif.obj
d:\github repos\foster_991\temp\dialogengine\windows\edittime\x86\darkedif.obj
d:\github repos\foster_991\temp\dialogengine\windows\edittime\x86\general.obj
d:\github repos\foster_991\temp\dialogengine\windows\edittime\x86\edittime.obj
c:\users\livinkorrupt\desktop\extension development\darkedif_multitarget_sdk_private_build_6_stochastic_with_minimiser\mfx\extensions\dialogengine.mfx
c:\users\livinkorrupt\desktop\extension development\darkedif_multitarget_sdk_private_build_6_stochastic_with_minimiser\temp\dialogengine\windows\edittime\x86\dialogengine.pdb
d:\github repos\foster_991\mfx\extensions\dialogengine.mfx
d:\github repos\foster_991\temp\dialogengine\windows\edittime\x86\dialogengine.pdb
c:\users\livinkorrupt\desktop\extension development\darkedif_multitarget_sdk_private_build_6_stochastic_with_minimiser\temp\dialogengine\windows\edittime\x86\ext.res
 /d "author_name=strify(chris burrows)" /d "company_name=strify(chris burrows)
" /d extension_version=1
 /d build_date=strify(2021-05-08t20:31:34.2201364+10:00) /d year=strify(2021) ext.rc
d:\github repos\foster_991\temp\dialogengine\windows\edittime\x86\ext.res
d:\github repos\foster_991\temp\dialogengine\windows\edittime\x86\dialogengine.exp
d:\github repos\foster_991\temp/dialogengine/windows/edittime/x86\dialogengine.pdb
d:\github repos\foster_991\temp\dialogengine\windows\edittime\x86\dialogen.0fc68544.tlog\cl.command.1.tlog
d:\github repos\foster_991\temp\dialogengine\windows\edittime\x86\dialogen.0fc68544.tlog\cl.read.1.tlog
d:\github repos\foster_991\temp\dialogengine\windows\edittime\x86\dialogen.0fc68544.tlog\cl.write.1.tlog
d:\github repos\foster_991\temp\dialogengine\windows\edittime\x86\dialogen.0fc68544.tlog\link.command.1.tlog
d:\github repos\foster_991\temp\dialogengine\windows\edittime\x86\dialogen.0fc68544.tlog\link.read.1.tlog
d:\github repos\foster_991\temp\dialogengine\windows\edittime\x86\dialogen.0fc68544.tlog\link.write.1.tlog
d:\github repos\foster_991\temp\dialogengine\windows\edittime\x86\dialogen.0fc68544.tlog\rc.command.1.tlog
d:\github repos\foster_991\temp\dialogengine\windows\edittime\x86\dialogen.0fc68544.tlog\rc.read.1.tlog
d:\github repos\foster_991\temp\dialogengine\windows\edittime\x86\dialogen.0fc68544.tlog\rc.write.1.tlog
