d:\github repos\foster_991\temp/dialogengine/android/runtime/arm64-v8a\dialogengine.so.recipe
d:\github repos\foster_991\temp\dialogengine\android\runtime\arm64-v8a\darkedif.o
d:\github repos\foster_991\temp\dialogengine\android\runtime\arm64-v8a\edif.o
d:\github repos\foster_991\temp\dialogengine\android\runtime\arm64-v8a\edif.general.o
d:\github repos\foster_991\temp\dialogengine\android\runtime\arm64-v8a\edif.runtime.o
d:\github repos\foster_991\temp\dialogengine\android\runtime\arm64-v8a\json.o
d:\github repos\foster_991\temp\dialogengine\android\runtime\arm64-v8a\objectselection.o
d:\github repos\foster_991\temp\dialogengine\android\runtime\arm64-v8a\actions.o
d:\github repos\foster_991\temp\dialogengine\android\runtime\arm64-v8a\conditions.o
d:\github repos\foster_991\temp\dialogengine\android\runtime\arm64-v8a\expressions.o
d:\github repos\foster_991\temp\dialogengine\android\runtime\arm64-v8a\extension.o
d:\github repos\foster_991\temp\dialogengine\android\runtime\arm64-v8a\dialogengine.o
d:\github repos\foster_991\temp\dialogengine\android\runtime\arm64-v8a\gameflag.o
d:\github repos\foster_991\temp\dialogengine\android\runtime\arm64-v8a\gamefloat.o
d:\github repos\foster_991\temp\dialogengine\android\runtime\arm64-v8a\gameitem.o
d:\github repos\foster_991\temp\dialogengine\android\runtime\arm64-v8a\inventory.o
d:\github repos\foster_991\temp\dialogengine\android\runtime\arm64-v8a\npc.o
d:\github repos\foster_991\temp\dialogengine\android\runtime\arm64-v8a\quest.o
d:\github repos\foster_991\temp\dialogengine\android\runtime\arm64-v8a\util.o
d:\github repos\foster_991\temp\dialogengine\android\runtime\arm64-v8a\runtime.o
d:\github repos\foster_991\temp\dialogengine\android\runtime\arm64-v8a\dialogengine.so
d:\github repos\foster_991\temp\dialogengine\android\runtime\arm64-v8a\dialogen.1ba4daf2.tlog\clang.command.1.tlog
d:\github repos\foster_991\temp\dialogengine\android\runtime\arm64-v8a\dialogen.1ba4daf2.tlog\dialogengine.android.write.1u.tlog
d:\github repos\foster_991\temp\dialogengine\android\runtime\arm64-v8a\dialogen.1ba4daf2.tlog\microsoft.build.cpptasks.clangcompile.read.1.tlog
d:\github repos\foster_991\temp\dialogengine\android\runtime\arm64-v8a\dialogen.1ba4daf2.tlog\microsoft.build.cpptasks.clangcompile.write.1.tlog
d:\github repos\foster_991\temp\dialogengine\android\runtime\arm64-v8a\dialogen.1ba4daf2.tlog\microsoft.build.cpptasks.clanglink.read.1.tlog
d:\github repos\foster_991\temp\dialogengine\android\runtime\arm64-v8a\dialogen.1ba4daf2.tlog\microsoft.build.cpptasks.clanglink.write.1.tlog
